warning: Git tree '/home/dsaw/Projects/NixOS' is dirty
building the system configuration...
warning: Git tree '/home/dsaw/Projects/NixOS' is dirty
copying 2 paths...
copying path '/nix/store/4sqi6qawljfdi47fqwn7xjvymxnxzyls-oauth2ProxyCookieSecret.age' to 'ssh://root@192.168.0.144'...
copying path '/nix/store/zccsi1i702a3nr04j7c92hza5bqnmlvc-nixos-system-server-25.11.20260328.0a3d6d3.drv' to 'ssh://root@192.168.0.144'...
this derivation will be built:
  /nix/store/zccsi1i702a3nr04j7c92hza5bqnmlvc-nixos-system-server-25.11.20260328.0a3d6d3.drv
building '/nix/store/zccsi1i702a3nr04j7c92hza5bqnmlvc-nixos-system-server-25.11.20260328.0a3d6d3.drv'...
copying 0 paths...
updating GRUB 2 menu...
activating the configuration...
[agenix] creating new generation in /run/agenix.d/7
[agenix] decrypting secrets...
decrypting '/nix/store/2i0568jfcn182z3p358zlgs2nxzccwgp-absClientSecret.age' to '/run/agenix.d/7/absClientSecret'...
decrypting '/nix/store/wny8c9x1brjbafd993mqr0q7ysdlgha9-cfAPIToken.age' to '/run/agenix.d/7/cfAPIToken'...
decrypting '/nix/store/1vp41clmsrl0mq9dnv03pn6kwixcm5xp-cfHomeCreds.age' to '/run/agenix.d/7/cfHomeCreds'...
decrypting '/nix/store/q34krqz96n7k2vph04fbxj53j2b4p5n8-copypartyClientSecret.age' to '/run/agenix.d/7/copypartyClientSecret'...
decrypting '/nix/store/94bb61zgwwhvwrkbykn05d065xmm75mf-immichClientSecret.age' to '/run/agenix.d/7/immichClientSecret'...
decrypting '/nix/store/52b7dj7nncvqmgkwp70a3p6zs7qq6j3c-kanidmAdminPass.age' to '/run/agenix.d/7/kanidmAdminPass'...
decrypting '/nix/store/g459rap4xzjsqx55d05g6k9q7gmgaqwv-kanidmSysAdminPass.age' to '/run/agenix.d/7/kanidmSysAdminPass'...
decrypting '/nix/store/0plgvad0kwd3fbjkjxfpklcv3kr404vv-netbirdSetupKey.age' to '/run/agenix.d/7/netbirdSetupKey'...
decrypting '/nix/store/b60nyh8db4fp09vdg1qgcvzaavrjdkdj-oauth2ProxyClientSecret.age' to '/run/agenix.d/7/oauth2ProxyClientSecret'...
decrypting '/nix/store/4sqi6qawljfdi47fqwn7xjvymxnxzyls-oauth2ProxyCookieSecret.age' to '/run/agenix.d/7/oauth2ProxyCookieSecret'...
decrypting '/nix/store/44w792dyc5jcq7waiv6acjx420hp9xcv-paperlessClientSecret.age' to '/run/agenix.d/7/paperlessClientSecret'...
[agenix] symlinking new secrets to /run/agenix (generation 7)...
[agenix] removing old secrets (generation 6)...
[agenix] chowning...
setting up /etc...
reloading user units for root...
restarting sysinit-reactivation.target
warning: the following units failed: kanidm.service, oauth2-proxy.service
× kanidm.service - kanidm identity management daemon
     Loaded: loaded (/etc/systemd/system/kanidm.service; enabled; preset: ignored)
     Active: failed (Result: exit-code) since Sun 2026-03-29 20:21:47 AEDT; 271ms ago
 Invocation: 54bde0b5cdc849678da3018e6d8d3afa
    Process: 246776 ExecStartPre=/nix/store/nd63ycd67w84g52dzi43bxrhyiby1l79-kanidm-with-secret-provisioning-1.9.2/bin/kanidmd domain rename -c /nix/store/rabdg4wmp3j8d68n494nh6bbzkn8ap4y-server.toml (code=exited, status=0/SUCCESS)
    Process: 246891 ExecStart=/nix/store/nd63ycd67w84g52dzi43bxrhyiby1l79-kanidm-with-secret-provisioning-1.9.2/bin/kanidmd server -c /nix/store/rabdg4wmp3j8d68n494nh6bbzkn8ap4y-server.toml (code=exited, status=0/SUCCESS)
    Process: 246903 ExecStartPost=/nix/store/5i295nprarfpsfryshvm04k4b2gchw73-post-start (code=exited, status=1/FAILURE)
   Main PID: 246891 (code=exited, status=0/SUCCESS)
         IP: 90.8K in, 63.8K out
         IO: 0B read, 1M written
   Mem peak: 24.7M
        CPU: 1.549s

Mar 29 20:21:47 server kanidmd[246891]: 00000000-0000-0000-0000-000000000000 INFO     ｉ [info]: Stopped Migration Reload Monitor
Mar 29 20:21:47 server kanidmd[246891]: 00000000-0000-0000-0000-000000000000 INFO     ｉ [info]: Stopped TlsAcceptor Reload Monitor
Mar 29 20:21:47 server kanidmd[246891]: 00000000-0000-0000-0000-000000000000 INFO     ｉ [info]: Stopped Backup Actor
Mar 29 20:21:47 server kanidmd[246891]: 00000000-0000-0000-0000-000000000000 INFO     ｉ [info]: Stopped Interval Actor
Mar 29 20:21:47 server kanidmd[246891]: 00000000-0000-0000-0000-000000000000 INFO     ｉ [info]: Stopped HTTPS Server
Mar 29 20:21:47 server kanidmd[246891]: 00000000-0000-0000-0000-000000000000 INFO     ｉ [info]: Stopped Admin Socket
Mar 29 20:21:47 server kanidmd[246891]: 00000000-0000-0000-0000-000000000000 INFO     ｉ [info]: Stopped 🛑
Mar 29 20:21:47 server systemd[1]: kanidm.service: Failed with result 'exit-code'.
Mar 29 20:21:47 server systemd[1]: Failed to start kanidm identity management daemon.
Mar 29 20:21:47 server systemd[1]: kanidm.service: Consumed 1.549s CPU time, 24.7M memory peak, 1M written to disk, 90.8K incoming IP traffic, 63.8K outgoing IP traffic.

× oauth2-proxy.service - OAuth2 Proxy
     Loaded: loaded (/etc/systemd/system/oauth2-proxy.service; enabled; preset: ignored)
     Active: failed (Result: exit-code) since Sun 2026-03-29 20:21:15 AEDT; 31s ago
   Duration: 49ms
 Invocation: 77f618df504d4b848221fdff1c590347
    Process: 246926 ExecStart=/nix/store/dj048hb1n1sr7dbfqh56sy3kfpkcv38g-oauth2-proxy-7.13.0/bin/oauth2-proxy --approval-prompt=force --client-id=oauth2-proxy --cookie-expire=168h0m0s --cookie-httponly=true --cookie-name=_oauth2_proxy --cookie-secure=true --email-domain=* --http-address=127.0.0.1:4180 --oidc-groups-claim=groups --oidc-issuer-url=https://id.sydneybasiniot.org --pass-access-token=false --pass-basic-auth=true --pass-host-header=true --pass-user-headers=true --provider=oidc --proxy-prefix=/oauth2 --redirect-url=https://fileshare.sydneybasiniot.org/oauth2/callback --request-logging=true --reverse-proxy=false --scope=openid profile email groups --set-xauthrequest=true --upstream=http://127.0.0.1:3923 (code=exited, status=1/FAILURE)
   Main PID: 246926 (code=exited, status=1/FAILURE)
         IP: 2.6K in, 1.8K out
         IO: 0B read, 0B written
   Mem peak: 8.4M
        CPU: 39ms

Mar 29 20:21:15 server systemd[1]: oauth2-proxy.service: Scheduled restart job, restart counter is at 5.
Mar 29 20:21:15 server systemd[1]: oauth2-proxy.service: Start request repeated too quickly.
Mar 29 20:21:15 server systemd[1]: oauth2-proxy.service: Failed with result 'exit-code'.
Mar 29 20:21:15 server systemd[1]: Failed to start OAuth2 Proxy.
Mar 29 20:21:15 server systemd[1]: oauth2-proxy.service: Consumed 39ms CPU time, 8.4M memory peak, 2.6K incoming IP traffic, 1.8K outgoing IP traffic.
Command 'ssh -o ControlMaster=auto -o ControlPath=/tmp/nixos-rebuild.fvv4jzp2/ssh-%n -o ControlPersist=60 root@192.168.0.144 -- env NIXOS_INSTALL_BOOTLOADER=0 systemd-run -E LOCALE_ARCHIVE -E NIXOS_INSTALL_BOOTLOADER --collect --no-ask-password --pipe --quiet --service-type=exec --unit=nixos-rebuild-switch-to-configuration /nix/store/vljgin76m6y0lfspvpnx1m0i832bn5n0-nixos-system-server-25.11.20260328.0a3d6d3/bin/switch-to-configuration switch' returned non-zero exit status 4.
